# JRE version: Java(TM) SE Runtime Environment 18.9 (11.0.22+9) (build 11.0.22+9-LTS-219)
# Java VM: Java HotSpot(TM) 64-Bit Server VM 18.9 (11.0.22+9-LTS-219, mixed mode, tiered, compressed oops, g1 gc, windows-amd64)
Heap:
 garbage-first heap   total 310272K, used 26185K [0x0000000704000000, 0x0000000800000000)
  region size 1024K, 10 young (10240K), 10 survivors (10240K)
 Metaspace       used 58793K, capacity 60343K, committed 60420K, reserved 1101824K
  class space    used 7638K, capacity 8306K, committed 8320K, reserved 1048576K
GC Heap History (10 events):
Event: 1.113 GC heap after
{Heap after GC invocations=2 (full 0):
 garbage-first heap   total 258048K, used 10025K [0x0000000704000000, 0x0000000800000000)
  region size 1024K, 2 young (2048K), 2 survivors (2048K)
 Metaspace       used 16840K, capacity 17374K, committed 17536K, reserved 1064960K
  class space    used 1872K, capacity 2070K, committed 2176K, reserved 1048576K
}
Event: 1.399 GC heap before
{Heap before GC invocations=2 (full 0):
 garbage-first heap   total 258048K, used 39721K [0x0000000704000000, 0x0000000800000000)
  region size 1024K, 32 young (32768K), 2 survivors (2048K)
 Metaspace       used 20632K, capacity 21212K, committed 21296K, reserved 1069056K
  class space    used 2416K, capacity 2678K, committed 2688K, reserved 1048576K
}
Event: 1.402 GC heap after
{Heap after GC invocations=3 (full 0):
 garbage-first heap   total 258048K, used 11441K [0x0000000704000000, 0x0000000800000000)
  region size 1024K, 3 young (3072K), 3 survivors (3072K)
 Metaspace       used 20632K, capacity 21212K, committed 21296K, reserved 1069056K
  class space    used 2416K, capacity 2678K, committed 2688K, reserved 1048576K
}
Event: 2.809 GC heap before
{Heap before GC invocations=4 (full 0):
 garbage-first heap   total 258048K, used 162993K [0x0000000704000000, 0x0000000800000000)
  region size 1024K, 151 young (154624K), 3 survivors (3072K)
 Metaspace       used 33462K, capacity 34570K, committed 34864K, reserved 1079296K
  class space    used 4228K, capacity 4674K, committed 4736K, reserved 1048576K
}
Event: 2.818 GC heap after
{Heap after GC invocations=5 (full 0):
 garbage-first heap   total 258048K, used 16929K [0x0000000704000000, 0x0000000800000000)
  region size 1024K, 8 young (8192K), 8 survivors (8192K)
 Metaspace       used 33462K, capacity 34570K, committed 34864K, reserved 1079296K
  class space    used 4228K, capacity 4674K, committed 4736K, reserved 1048576K
}
Event: 2.972 GC heap before
{Heap before GC invocations=5 (full 0):
 garbage-first heap   total 258048K, used 30241K [0x0000000704000000, 0x0000000800000000)
  region size 1024K, 22 young (22528K), 8 survivors (8192K)
 Metaspace       used 34751K, capacity 35833K, committed 35920K, reserved 1081344K
  class space    used 4396K, capacity 4838K, committed 4864K, reserved 1048576K
}
Event: 2.980 GC heap after
{Heap after GC invocations=6 (full 0):
 garbage-first heap   total 258048K, used 17553K [0x0000000704000000, 0x0000000800000000)
  region size 1024K, 9 young (9216K), 9 survivors (9216K)
 Metaspace       used 34751K, capacity 35833K, committed 35920K, reserved 1081344K
  class space    used 4396K, capacity 4838K, committed 4864K, reserved 1048576K
}
Event: 4.546 GC heap before
{Heap before GC invocations=7 (full 0):
 garbage-first heap   total 258048K, used 148625K [0x0000000704000000, 0x0000000800000000)
  region size 1024K, 137 young (140288K), 9 survivors (9216K)
 Metaspace       used 48775K, capacity 50232K, committed 50352K, reserved 1093632K
  class space    used 6244K, capacity 6859K, committed 6912K, reserved 1048576K
}
Event: 4.555 GC heap after
{Heap after GC invocations=8 (full 0):
 garbage-first heap   total 258048K, used 23011K [0x0000000704000000, 0x0000000800000000)
  region size 1024K, 14 young (14336K), 14 survivors (14336K)
 Metaspace       used 48775K, capacity 50232K, committed 50352K, reserved 1093632K
  class space    used 6244K, capacity 6859K, committed 6912K, reserved 1048576K
}
Event: 5.687 GC heap before
{Heap before GC invocations=8 (full 0):
 garbage-first heap   total 258048K, used 119267K [0x0000000704000000, 0x0000000800000000)
  region size 1024K, 109 young (111616K), 14 survivors (14336K)
 Metaspace       used 58793K, capacity 60343K, committed 60420K, reserved 1101824K
  class space    used 7638K, capacity 8306K, committed 8320K, reserved 1048576K
}

